Performing C++ SOURCE FILE Test COMPILER_SUPPORT_Wshorten64to32 failed with the following output:
Change Dir: /home/maytee/Documents/2.29/finiteVolumeSolver/cmake-build-debug/CMakeFiles/CMakeTmp

Run Build Command:"/usr/bin/make" "cmTC_28486/fast"
make[1]: Entering directory '/home/maytee/Documents/2.29/finiteVolumeSolver/cmake-build-debug/CMakeFiles/CMakeTmp'
/usr/bin/make -f CMakeFiles/cmTC_28486.dir/build.make CMakeFiles/cmTC_28486.dir/build
make[2]: Entering directory '/home/maytee/Documents/2.29/finiteVolumeSolver/cmake-build-debug/CMakeFiles/CMakeTmp'
Building CXX object CMakeFiles/cmTC_28486.dir/src.cxx.o
/usr/bin/c++    -pedantic -Wall -Wextra -Wundef -Wcast-align -Wchar-subscripts -Wnon-virtual-dtor -Wunused-local-typedefs -Wpointer-arith -Wwrite-strings -Wformat-security -DCOMPILER_SUPPORT_Wshorten64to32 -Werror   -Wshorten-64-to-32 -o CMakeFiles/cmTC_28486.dir/src.cxx.o -c /home/maytee/Documents/2.29/finiteVolumeSolver/cmake-build-debug/CMakeFiles/CMakeTmp/src.cxx
c++: error: unrecognized command line option '-Wshorten-64-to-32'
CMakeFiles/cmTC_28486.dir/build.make:65: recipe for target 'CMakeFiles/cmTC_28486.dir/src.cxx.o' failed
make[2]: *** [CMakeFiles/cmTC_28486.dir/src.cxx.o] Error 1
make[2]: Leaving directory '/home/maytee/Documents/2.29/finiteVolumeSolver/cmake-build-debug/CMakeFiles/CMakeTmp'
Makefile:126: recipe for target 'cmTC_28486/fast' failed
make[1]: *** [cmTC_28486/fast] Error 2
make[1]: Leaving directory '/home/maytee/Documents/2.29/finiteVolumeSolver/cmake-build-debug/CMakeFiles/CMakeTmp'

Source file was:
int main() { return 0; }
Performing C++ SOURCE FILE Test COMPILER_SUPPORT_Wenumconversion failed with the following output:
Change Dir: /home/maytee/Documents/2.29/finiteVolumeSolver/cmake-build-debug/CMakeFiles/CMakeTmp

Run Build Command:"/usr/bin/make" "cmTC_c9261/fast"
make[1]: Entering directory '/home/maytee/Documents/2.29/finiteVolumeSolver/cmake-build-debug/CMakeFiles/CMakeTmp'
/usr/bin/make -f CMakeFiles/cmTC_c9261.dir/build.make CMakeFiles/cmTC_c9261.dir/build
make[2]: Entering directory '/home/maytee/Documents/2.29/finiteVolumeSolver/cmake-build-debug/CMakeFiles/CMakeTmp'
Building CXX object CMakeFiles/cmTC_c9261.dir/src.cxx.o
/usr/bin/c++    -pedantic -Wall -Wextra -Wundef -Wcast-align -Wchar-subscripts -Wnon-virtual-dtor -Wunused-local-typedefs -Wpointer-arith -Wwrite-strings -Wformat-security -Wlogical-op -DCOMPILER_SUPPORT_Wenumconversion -Werror   -Wenum-conversion -o CMakeFiles/cmTC_c9261.dir/src.cxx.o -c /home/maytee/Documents/2.29/finiteVolumeSolver/cmake-build-debug/CMakeFiles/CMakeTmp/src.cxx
c++: error: unrecognized command line option '-Wenum-conversion'; did you mean '-Wno-conversion'?
CMakeFiles/cmTC_c9261.dir/build.make:65: recipe for target 'CMakeFiles/cmTC_c9261.dir/src.cxx.o' failed
make[2]: *** [CMakeFiles/cmTC_c9261.dir/src.cxx.o] Error 1
make[2]: Leaving directory '/home/maytee/Documents/2.29/finiteVolumeSolver/cmake-build-debug/CMakeFiles/CMakeTmp'
Makefile:126: recipe for target 'cmTC_c9261/fast' failed
make[1]: *** [cmTC_c9261/fast] Error 2
make[1]: Leaving directory '/home/maytee/Documents/2.29/finiteVolumeSolver/cmake-build-debug/CMakeFiles/CMakeTmp'

Source file was:
int main() { return 0; }
Performing C++ SOURCE FILE Test COMPILER_SUPPORT_Wcpp11extensions failed with the following output:
Change Dir: /home/maytee/Documents/2.29/finiteVolumeSolver/cmake-build-debug/CMakeFiles/CMakeTmp

Run Build Command:"/usr/bin/make" "cmTC_e68a8/fast"
make[1]: Entering directory '/home/maytee/Documents/2.29/finiteVolumeSolver/cmake-build-debug/CMakeFiles/CMakeTmp'
/usr/bin/make -f CMakeFiles/cmTC_e68a8.dir/build.make CMakeFiles/cmTC_e68a8.dir/build
make[2]: Entering directory '/home/maytee/Documents/2.29/finiteVolumeSolver/cmake-build-debug/CMakeFiles/CMakeTmp'
Building CXX object CMakeFiles/cmTC_e68a8.dir/src.cxx.o
/usr/bin/c++    -pedantic -Wall -Wextra -Wundef -Wcast-align -Wchar-subscripts -Wnon-virtual-dtor -Wunused-local-typedefs -Wpointer-arith -Wwrite-strings -Wformat-security -Wlogical-op -DCOMPILER_SUPPORT_Wcpp11extensions -Werror   -Wc++11-extensions -o CMakeFiles/cmTC_e68a8.dir/src.cxx.o -c /home/maytee/Documents/2.29/finiteVolumeSolver/cmake-build-debug/CMakeFiles/CMakeTmp/src.cxx
c++: error: unrecognized command line option '-Wc++11-extensions'; did you mean '-fms-extensions'?
CMakeFiles/cmTC_e68a8.dir/build.make:65: recipe for target 'CMakeFiles/cmTC_e68a8.dir/src.cxx.o' failed
make[2]: *** [CMakeFiles/cmTC_e68a8.dir/src.cxx.o] Error 1
make[2]: Leaving directory '/home/maytee/Documents/2.29/finiteVolumeSolver/cmake-build-debug/CMakeFiles/CMakeTmp'
Makefile:126: recipe for target 'cmTC_e68a8/fast' failed
make[1]: *** [cmTC_e68a8/fast] Error 2
make[1]: Leaving directory '/home/maytee/Documents/2.29/finiteVolumeSolver/cmake-build-debug/CMakeFiles/CMakeTmp'

Source file was:
int main() { return 0; }
Performing C++ SOURCE FILE Test COMPILER_SUPPORT_wd981 failed with the following output:
Change Dir: /home/maytee/Documents/2.29/finiteVolumeSolver/cmake-build-debug/CMakeFiles/CMakeTmp

Run Build Command:"/usr/bin/make" "cmTC_7dcb4/fast"
make[1]: Entering directory '/home/maytee/Documents/2.29/finiteVolumeSolver/cmake-build-debug/CMakeFiles/CMakeTmp'
/usr/bin/make -f CMakeFiles/cmTC_7dcb4.dir/build.make CMakeFiles/cmTC_7dcb4.dir/build
make[2]: Entering directory '/home/maytee/Documents/2.29/finiteVolumeSolver/cmake-build-debug/CMakeFiles/CMakeTmp'
Building CXX object CMakeFiles/cmTC_7dcb4.dir/src.cxx.o
/usr/bin/c++    -pedantic -Wall -Wextra -Wundef -Wcast-align -Wchar-subscripts -Wnon-virtual-dtor -Wunused-local-typedefs -Wpointer-arith -Wwrite-strings -Wformat-security -Wlogical-op -Wdouble-promotion -Wno-psabi -Wno-variadic-macros -Wno-long-long -fno-check-new -fno-common -fstrict-aliasing -DCOMPILER_SUPPORT_wd981 -Werror   -wd981 -o CMakeFiles/cmTC_7dcb4.dir/src.cxx.o -c /home/maytee/Documents/2.29/finiteVolumeSolver/cmake-build-debug/CMakeFiles/CMakeTmp/src.cxx
c++: error: unrecognized command line option '-wd981'
CMakeFiles/cmTC_7dcb4.dir/build.make:65: recipe for target 'CMakeFiles/cmTC_7dcb4.dir/src.cxx.o' failed
make[2]: *** [CMakeFiles/cmTC_7dcb4.dir/src.cxx.o] Error 1
make[2]: Leaving directory '/home/maytee/Documents/2.29/finiteVolumeSolver/cmake-build-debug/CMakeFiles/CMakeTmp'
Makefile:126: recipe for target 'cmTC_7dcb4/fast' failed
make[1]: *** [cmTC_7dcb4/fast] Error 2
make[1]: Leaving directory '/home/maytee/Documents/2.29/finiteVolumeSolver/cmake-build-debug/CMakeFiles/CMakeTmp'

Source file was:
int main() { return 0; }
Performing C++ SOURCE FILE Test COMPILER_SUPPORT_wd2304 failed with the following output:
Change Dir: /home/maytee/Documents/2.29/finiteVolumeSolver/cmake-build-debug/CMakeFiles/CMakeTmp

Run Build Command:"/usr/bin/make" "cmTC_60bd1/fast"
make[1]: Entering directory '/home/maytee/Documents/2.29/finiteVolumeSolver/cmake-build-debug/CMakeFiles/CMakeTmp'
/usr/bin/make -f CMakeFiles/cmTC_60bd1.dir/build.make CMakeFiles/cmTC_60bd1.dir/build
make[2]: Entering directory '/home/maytee/Documents/2.29/finiteVolumeSolver/cmake-build-debug/CMakeFiles/CMakeTmp'
Building CXX object CMakeFiles/cmTC_60bd1.dir/src.cxx.o
/usr/bin/c++    -pedantic -Wall -Wextra -Wundef -Wcast-align -Wchar-subscripts -Wnon-virtual-dtor -Wunused-local-typedefs -Wpointer-arith -Wwrite-strings -Wformat-security -Wlogical-op -Wdouble-promotion -Wno-psabi -Wno-variadic-macros -Wno-long-long -fno-check-new -fno-common -fstrict-aliasing -DCOMPILER_SUPPORT_wd2304 -Werror   -wd2304 -o CMakeFiles/cmTC_60bd1.dir/src.cxx.o -c /home/maytee/Documents/2.29/finiteVolumeSolver/cmake-build-debug/CMakeFiles/CMakeTmp/src.cxx
c++: error: unrecognized command line option '-wd2304'
CMakeFiles/cmTC_60bd1.dir/build.make:65: recipe for target 'CMakeFiles/cmTC_60bd1.dir/src.cxx.o' failed
make[2]: *** [CMakeFiles/cmTC_60bd1.dir/src.cxx.o] Error 1
make[2]: Leaving directory '/home/maytee/Documents/2.29/finiteVolumeSolver/cmake-build-debug/CMakeFiles/CMakeTmp'
Makefile:126: recipe for target 'cmTC_60bd1/fast' failed
make[1]: *** [cmTC_60bd1/fast] Error 2
make[1]: Leaving directory '/home/maytee/Documents/2.29/finiteVolumeSolver/cmake-build-debug/CMakeFiles/CMakeTmp'

Source file was:
int main() { return 0; }
Performing C++ SOURCE FILE Test COMPILER_SUPPORT_STRICTANSI failed with the following output:
Change Dir: /home/maytee/Documents/2.29/finiteVolumeSolver/cmake-build-debug/CMakeFiles/CMakeTmp

Run Build Command:"/usr/bin/make" "cmTC_32b42/fast"
make[1]: Entering directory '/home/maytee/Documents/2.29/finiteVolumeSolver/cmake-build-debug/CMakeFiles/CMakeTmp'
/usr/bin/make -f CMakeFiles/cmTC_32b42.dir/build.make CMakeFiles/cmTC_32b42.dir/build
make[2]: Entering directory '/home/maytee/Documents/2.29/finiteVolumeSolver/cmake-build-debug/CMakeFiles/CMakeTmp'
Building CXX object CMakeFiles/cmTC_32b42.dir/src.cxx.o
/usr/bin/c++    -pedantic -Wall -Wextra -Wundef -Wcast-align -Wchar-subscripts -Wnon-virtual-dtor -Wunused-local-typedefs -Wpointer-arith -Wwrite-strings -Wformat-security -Wlogical-op -Wdouble-promotion -Wno-psabi -Wno-variadic-macros -Wno-long-long -fno-check-new -fno-common -fstrict-aliasing -DCOMPILER_SUPPORT_STRICTANSI -Werror   -strict-ansi -o CMakeFiles/cmTC_32b42.dir/src.cxx.o -c /home/maytee/Documents/2.29/finiteVolumeSolver/cmake-build-debug/CMakeFiles/CMakeTmp/src.cxx
c++: error: unrecognized command line option '-strict-ansi'; did you mean '-fstrict-enums'?
CMakeFiles/cmTC_32b42.dir/build.make:65: recipe for target 'CMakeFiles/cmTC_32b42.dir/src.cxx.o' failed
make[2]: *** [CMakeFiles/cmTC_32b42.dir/src.cxx.o] Error 1
make[2]: Leaving directory '/home/maytee/Documents/2.29/finiteVolumeSolver/cmake-build-debug/CMakeFiles/CMakeTmp'
Makefile:126: recipe for target 'cmTC_32b42/fast' failed
make[1]: *** [cmTC_32b42/fast] Error 2
make[1]: Leaving directory '/home/maytee/Documents/2.29/finiteVolumeSolver/cmake-build-debug/CMakeFiles/CMakeTmp'

Source file was:
int main() { return 0; }
Performing C++ SOURCE FILE Test COMPILER_SUPPORT_Qunusedarguments failed with the following output:
Change Dir: /home/maytee/Documents/2.29/finiteVolumeSolver/cmake-build-debug/CMakeFiles/CMakeTmp

Run Build Command:"/usr/bin/make" "cmTC_5c43b/fast"
make[1]: Entering directory '/home/maytee/Documents/2.29/finiteVolumeSolver/cmake-build-debug/CMakeFiles/CMakeTmp'
/usr/bin/make -f CMakeFiles/cmTC_5c43b.dir/build.make CMakeFiles/cmTC_5c43b.dir/build
make[2]: Entering directory '/home/maytee/Documents/2.29/finiteVolumeSolver/cmake-build-debug/CMakeFiles/CMakeTmp'
Building CXX object CMakeFiles/cmTC_5c43b.dir/src.cxx.o
/usr/bin/c++    -pedantic -Wall -Wextra -Wundef -Wcast-align -Wchar-subscripts -Wnon-virtual-dtor -Wunused-local-typedefs -Wpointer-arith -Wwrite-strings -Wformat-security -Wlogical-op -Wdouble-promotion -Wno-psabi -Wno-variadic-macros -Wno-long-long -fno-check-new -fno-common -fstrict-aliasing -DCOMPILER_SUPPORT_Qunusedarguments -Werror   -Qunused-arguments -o CMakeFiles/cmTC_5c43b.dir/src.cxx.o -c /home/maytee/Documents/2.29/finiteVolumeSolver/cmake-build-debug/CMakeFiles/CMakeTmp/src.cxx
c++: error: unrecognized command line option '-Qunused-arguments'; did you mean '-Wunused-argument'?
CMakeFiles/cmTC_5c43b.dir/build.make:65: recipe for target 'CMakeFiles/cmTC_5c43b.dir/src.cxx.o' failed
make[2]: *** [CMakeFiles/cmTC_5c43b.dir/src.cxx.o] Error 1
make[2]: Leaving directory '/home/maytee/Documents/2.29/finiteVolumeSolver/cmake-build-debug/CMakeFiles/CMakeTmp'
Makefile:126: recipe for target 'cmTC_5c43b/fast' failed
make[1]: *** [cmTC_5c43b/fast] Error 2
make[1]: Leaving directory '/home/maytee/Documents/2.29/finiteVolumeSolver/cmake-build-debug/CMakeFiles/CMakeTmp'

Source file was:
int main() { return 0; }
Determining if the Q_WS_WIN exist failed with the following output:
Change Dir: /home/maytee/Documents/2.29/finiteVolumeSolver/cmake-build-debug/CMakeFiles/CMakeTmp

Run Build Command:"/usr/bin/make" "cmTC_261ad/fast"
make[1]: Entering directory '/home/maytee/Documents/2.29/finiteVolumeSolver/cmake-build-debug/CMakeFiles/CMakeTmp'
/usr/bin/make -f CMakeFiles/cmTC_261ad.dir/build.make CMakeFiles/cmTC_261ad.dir/build
make[2]: Entering directory '/home/maytee/Documents/2.29/finiteVolumeSolver/cmake-build-debug/CMakeFiles/CMakeTmp'
Building CXX object CMakeFiles/cmTC_261ad.dir/CheckSymbolExists.cxx.o
/usr/bin/c++   -I/usr/include/qt4  -pedantic -Wall -Wextra -Wundef -Wcast-align -Wchar-subscripts -Wnon-virtual-dtor -Wunused-local-typedefs -Wpointer-arith -Wwrite-strings -Wformat-security -Wlogical-op -Wdouble-promotion -Wno-psabi -Wno-variadic-macros -Wno-long-long -fno-check-new -fno-common -fstrict-aliasing -ansi -O1 -g1    -o CMakeFiles/cmTC_261ad.dir/CheckSymbolExists.cxx.o -c /home/maytee/Documents/2.29/finiteVolumeSolver/cmake-build-debug/CMakeFiles/CMakeTmp/CheckSymbolExists.cxx
/home/maytee/Documents/2.29/finiteVolumeSolver/cmake-build-debug/CMakeFiles/CMakeTmp/CheckSymbolExists.cxx: In function ‘int main(int, char**)’:
/home/maytee/Documents/2.29/finiteVolumeSolver/cmake-build-debug/CMakeFiles/CMakeTmp/CheckSymbolExists.cxx:8:19: error: ‘Q_WS_WIN’ was not declared in this scope
   return ((int*)(&Q_WS_WIN))[argc];
                   ^~~~~~~~
CMakeFiles/cmTC_261ad.dir/build.make:65: recipe for target 'CMakeFiles/cmTC_261ad.dir/CheckSymbolExists.cxx.o' failed
make[2]: *** [CMakeFiles/cmTC_261ad.dir/CheckSymbolExists.cxx.o] Error 1
make[2]: Leaving directory '/home/maytee/Documents/2.29/finiteVolumeSolver/cmake-build-debug/CMakeFiles/CMakeTmp'
Makefile:126: recipe for target 'cmTC_261ad/fast' failed
make[1]: *** [cmTC_261ad/fast] Error 2
make[1]: Leaving directory '/home/maytee/Documents/2.29/finiteVolumeSolver/cmake-build-debug/CMakeFiles/CMakeTmp'

File /home/maytee/Documents/2.29/finiteVolumeSolver/cmake-build-debug/CMakeFiles/CMakeTmp/CheckSymbolExists.cxx:
/* */
#include <QtCore/qglobal.h>

int main(int argc, char** argv)
{
  (void)argv;
#ifndef Q_WS_WIN
  return ((int*)(&Q_WS_WIN))[argc];
#else
  (void)argc;
  return 0;
#endif
}

Determining if the Q_WS_QWS exist failed with the following output:
Change Dir: /home/maytee/Documents/2.29/finiteVolumeSolver/cmake-build-debug/CMakeFiles/CMakeTmp

Run Build Command:"/usr/bin/make" "cmTC_00c24/fast"
make[1]: Entering directory '/home/maytee/Documents/2.29/finiteVolumeSolver/cmake-build-debug/CMakeFiles/CMakeTmp'
/usr/bin/make -f CMakeFiles/cmTC_00c24.dir/build.make CMakeFiles/cmTC_00c24.dir/build
make[2]: Entering directory '/home/maytee/Documents/2.29/finiteVolumeSolver/cmake-build-debug/CMakeFiles/CMakeTmp'
Building CXX object CMakeFiles/cmTC_00c24.dir/CheckSymbolExists.cxx.o
/usr/bin/c++   -I/usr/include/qt4  -pedantic -Wall -Wextra -Wundef -Wcast-align -Wchar-subscripts -Wnon-virtual-dtor -Wunused-local-typedefs -Wpointer-arith -Wwrite-strings -Wformat-security -Wlogical-op -Wdouble-promotion -Wno-psabi -Wno-variadic-macros -Wno-long-long -fno-check-new -fno-common -fstrict-aliasing -ansi -O1 -g1    -o CMakeFiles/cmTC_00c24.dir/CheckSymbolExists.cxx.o -c /home/maytee/Documents/2.29/finiteVolumeSolver/cmake-build-debug/CMakeFiles/CMakeTmp/CheckSymbolExists.cxx
/home/maytee/Documents/2.29/finiteVolumeSolver/cmake-build-debug/CMakeFiles/CMakeTmp/CheckSymbolExists.cxx: In function ‘int main(int, char**)’:
/home/maytee/Documents/2.29/finiteVolumeSolver/cmake-build-debug/CMakeFiles/CMakeTmp/CheckSymbolExists.cxx:8:19: error: ‘Q_WS_QWS’ was not declared in this scope
   return ((int*)(&Q_WS_QWS))[argc];
                   ^~~~~~~~
CMakeFiles/cmTC_00c24.dir/build.make:65: recipe for target 'CMakeFiles/cmTC_00c24.dir/CheckSymbolExists.cxx.o' failed
make[2]: *** [CMakeFiles/cmTC_00c24.dir/CheckSymbolExists.cxx.o] Error 1
make[2]: Leaving directory '/home/maytee/Documents/2.29/finiteVolumeSolver/cmake-build-debug/CMakeFiles/CMakeTmp'
Makefile:126: recipe for target 'cmTC_00c24/fast' failed
make[1]: *** [cmTC_00c24/fast] Error 2
make[1]: Leaving directory '/home/maytee/Documents/2.29/finiteVolumeSolver/cmake-build-debug/CMakeFiles/CMakeTmp'

File /home/maytee/Documents/2.29/finiteVolumeSolver/cmake-build-debug/CMakeFiles/CMakeTmp/CheckSymbolExists.cxx:
/* */
#include <QtCore/qglobal.h>

int main(int argc, char** argv)
{
  (void)argv;
#ifndef Q_WS_QWS
  return ((int*)(&Q_WS_QWS))[argc];
#else
  (void)argc;
  return 0;
#endif
}

Determining if the Q_WS_MAC exist failed with the following output:
Change Dir: /home/maytee/Documents/2.29/finiteVolumeSolver/cmake-build-debug/CMakeFiles/CMakeTmp

Run Build Command:"/usr/bin/make" "cmTC_c74e7/fast"
make[1]: Entering directory '/home/maytee/Documents/2.29/finiteVolumeSolver/cmake-build-debug/CMakeFiles/CMakeTmp'
/usr/bin/make -f CMakeFiles/cmTC_c74e7.dir/build.make CMakeFiles/cmTC_c74e7.dir/build
make[2]: Entering directory '/home/maytee/Documents/2.29/finiteVolumeSolver/cmake-build-debug/CMakeFiles/CMakeTmp'
Building CXX object CMakeFiles/cmTC_c74e7.dir/CheckSymbolExists.cxx.o
/usr/bin/c++   -I/usr/include/qt4  -pedantic -Wall -Wextra -Wundef -Wcast-align -Wchar-subscripts -Wnon-virtual-dtor -Wunused-local-typedefs -Wpointer-arith -Wwrite-strings -Wformat-security -Wlogical-op -Wdouble-promotion -Wno-psabi -Wno-variadic-macros -Wno-long-long -fno-check-new -fno-common -fstrict-aliasing -ansi -O1 -g1    -o CMakeFiles/cmTC_c74e7.dir/CheckSymbolExists.cxx.o -c /home/maytee/Documents/2.29/finiteVolumeSolver/cmake-build-debug/CMakeFiles/CMakeTmp/CheckSymbolExists.cxx
/home/maytee/Documents/2.29/finiteVolumeSolver/cmake-build-debug/CMakeFiles/CMakeTmp/CheckSymbolExists.cxx: In function ‘int main(int, char**)’:
/home/maytee/Documents/2.29/finiteVolumeSolver/cmake-build-debug/CMakeFiles/CMakeTmp/CheckSymbolExists.cxx:8:19: error: ‘Q_WS_MAC’ was not declared in this scope
   return ((int*)(&Q_WS_MAC))[argc];
                   ^~~~~~~~
CMakeFiles/cmTC_c74e7.dir/build.make:65: recipe for target 'CMakeFiles/cmTC_c74e7.dir/CheckSymbolExists.cxx.o' failed
make[2]: *** [CMakeFiles/cmTC_c74e7.dir/CheckSymbolExists.cxx.o] Error 1
make[2]: Leaving directory '/home/maytee/Documents/2.29/finiteVolumeSolver/cmake-build-debug/CMakeFiles/CMakeTmp'
Makefile:126: recipe for target 'cmTC_c74e7/fast' failed
make[1]: *** [cmTC_c74e7/fast] Error 2
make[1]: Leaving directory '/home/maytee/Documents/2.29/finiteVolumeSolver/cmake-build-debug/CMakeFiles/CMakeTmp'

File /home/maytee/Documents/2.29/finiteVolumeSolver/cmake-build-debug/CMakeFiles/CMakeTmp/CheckSymbolExists.cxx:
/* */
#include <QtCore/qglobal.h>

int main(int argc, char** argv)
{
  (void)argv;
#ifndef Q_WS_MAC
  return ((int*)(&Q_WS_MAC))[argc];
#else
  (void)argc;
  return 0;
#endif
}

Performing C++ SOURCE FILE Test SUPERLU_HAS_GLOBALLU_T failed with the following output:
Change Dir: /home/maytee/Documents/2.29/finiteVolumeSolver/cmake-build-debug/CMakeFiles/CMakeTmp

Run Build Command:"/usr/bin/make" "cmTC_85637/fast"
make[1]: Entering directory '/home/maytee/Documents/2.29/finiteVolumeSolver/cmake-build-debug/CMakeFiles/CMakeTmp'
/usr/bin/make -f CMakeFiles/cmTC_85637.dir/build.make CMakeFiles/cmTC_85637.dir/build
make[2]: Entering directory '/home/maytee/Documents/2.29/finiteVolumeSolver/cmake-build-debug/CMakeFiles/CMakeTmp'
Building CXX object CMakeFiles/cmTC_85637.dir/src.cxx.o
/usr/bin/c++   -I/usr/include/superlu  -pedantic -Wall -Wextra -Wundef -Wcast-align -Wchar-subscripts -Wnon-virtual-dtor -Wunused-local-typedefs -Wpointer-arith -Wwrite-strings -Wformat-security -Wlogical-op -Wdouble-promotion -Wno-psabi -Wno-variadic-macros -Wno-long-long -fno-check-new -fno-common -fstrict-aliasing -ansi -DSUPERLU_HAS_GLOBALLU_T   -o CMakeFiles/cmTC_85637.dir/src.cxx.o -c /home/maytee/Documents/2.29/finiteVolumeSolver/cmake-build-debug/CMakeFiles/CMakeTmp/src.cxx
/home/maytee/Documents/2.29/finiteVolumeSolver/cmake-build-debug/CMakeFiles/CMakeTmp/src.cxx: In function ‘int main()’:
/home/maytee/Documents/2.29/finiteVolumeSolver/cmake-build-debug/CMakeFiles/CMakeTmp/src.cxx:7:3: error: ‘GlobalLU_t’ was not declared in this scope
   GlobalLU_t glu;
   ^~~~~~~~~~
CMakeFiles/cmTC_85637.dir/build.make:65: recipe for target 'CMakeFiles/cmTC_85637.dir/src.cxx.o' failed
make[2]: *** [CMakeFiles/cmTC_85637.dir/src.cxx.o] Error 1
make[2]: Leaving directory '/home/maytee/Documents/2.29/finiteVolumeSolver/cmake-build-debug/CMakeFiles/CMakeTmp'
Makefile:126: recipe for target 'cmTC_85637/fast' failed
make[1]: *** [cmTC_85637/fast] Error 2
make[1]: Leaving directory '/home/maytee/Documents/2.29/finiteVolumeSolver/cmake-build-debug/CMakeFiles/CMakeTmp'

Source file was:

typedef int int_t;
#include <supermatrix.h>
#include <slu_util.h>
int main(void)
{
  GlobalLU_t glu;
  return 0;
}
Determining if the pthread_create exist failed with the following output:
Change Dir: /home/maytee/Documents/2.29/finiteVolumeSolver/cmake-build-debug/CMakeFiles/CMakeTmp

Run Build Command:"/usr/bin/make" "cmTC_38e73/fast"
make[1]: Entering directory '/home/maytee/Documents/2.29/finiteVolumeSolver/cmake-build-debug/CMakeFiles/CMakeTmp'
/usr/bin/make -f CMakeFiles/cmTC_38e73.dir/build.make CMakeFiles/cmTC_38e73.dir/build
make[2]: Entering directory '/home/maytee/Documents/2.29/finiteVolumeSolver/cmake-build-debug/CMakeFiles/CMakeTmp'
Building C object CMakeFiles/cmTC_38e73.dir/CheckSymbolExists.c.o
/usr/bin/cc    -o CMakeFiles/cmTC_38e73.dir/CheckSymbolExists.c.o   -c /home/maytee/Documents/2.29/finiteVolumeSolver/cmake-build-debug/CMakeFiles/CMakeTmp/CheckSymbolExists.c
Linking C executable cmTC_38e73
/home/maytee/software/clion-2018.1/bin/cmake/bin/cmake -E cmake_link_script CMakeFiles/cmTC_38e73.dir/link.txt --verbose=1
/usr/bin/cc      -rdynamic CMakeFiles/cmTC_38e73.dir/CheckSymbolExists.c.o  -o cmTC_38e73 
CMakeFiles/cmTC_38e73.dir/CheckSymbolExists.c.o: In function `main':
CheckSymbolExists.c:(.text+0x1b): undefined reference to `pthread_create'
collect2: error: ld returned 1 exit status
CMakeFiles/cmTC_38e73.dir/build.make:97: recipe for target 'cmTC_38e73' failed
make[2]: *** [cmTC_38e73] Error 1
make[2]: Leaving directory '/home/maytee/Documents/2.29/finiteVolumeSolver/cmake-build-debug/CMakeFiles/CMakeTmp'
Makefile:126: recipe for target 'cmTC_38e73/fast' failed
make[1]: *** [cmTC_38e73/fast] Error 2
make[1]: Leaving directory '/home/maytee/Documents/2.29/finiteVolumeSolver/cmake-build-debug/CMakeFiles/CMakeTmp'

File /home/maytee/Documents/2.29/finiteVolumeSolver/cmake-build-debug/CMakeFiles/CMakeTmp/CheckSymbolExists.c:
/* */
#include <pthread.h>

int main(int argc, char** argv)
{
  (void)argv;
#ifndef pthread_create
  return ((int*)(&pthread_create))[argc];
#else
  (void)argc;
  return 0;
#endif
}

Determining if the function pthread_create exists in the pthreads failed with the following output:
Change Dir: /home/maytee/Documents/2.29/finiteVolumeSolver/cmake-build-debug/CMakeFiles/CMakeTmp

Run Build Command:"/usr/bin/make" "cmTC_528fd/fast"
make[1]: Entering directory '/home/maytee/Documents/2.29/finiteVolumeSolver/cmake-build-debug/CMakeFiles/CMakeTmp'
/usr/bin/make -f CMakeFiles/cmTC_528fd.dir/build.make CMakeFiles/cmTC_528fd.dir/build
make[2]: Entering directory '/home/maytee/Documents/2.29/finiteVolumeSolver/cmake-build-debug/CMakeFiles/CMakeTmp'
Building C object CMakeFiles/cmTC_528fd.dir/CheckFunctionExists.c.o
/usr/bin/cc   -DCHECK_FUNCTION_EXISTS=pthread_create   -o CMakeFiles/cmTC_528fd.dir/CheckFunctionExists.c.o   -c /home/maytee/software/clion-2018.1/bin/cmake/share/cmake-3.10/Modules/CheckFunctionExists.c
Linking C executable cmTC_528fd
/home/maytee/software/clion-2018.1/bin/cmake/bin/cmake -E cmake_link_script CMakeFiles/cmTC_528fd.dir/link.txt --verbose=1
/usr/bin/cc  -DCHECK_FUNCTION_EXISTS=pthread_create    -rdynamic CMakeFiles/cmTC_528fd.dir/CheckFunctionExists.c.o  -o cmTC_528fd -lpthreads 
/usr/bin/ld: cannot find -lpthreads
collect2: error: ld returned 1 exit status
CMakeFiles/cmTC_528fd.dir/build.make:97: recipe for target 'cmTC_528fd' failed
make[2]: *** [cmTC_528fd] Error 1
make[2]: Leaving directory '/home/maytee/Documents/2.29/finiteVolumeSolver/cmake-build-debug/CMakeFiles/CMakeTmp'
Makefile:126: recipe for target 'cmTC_528fd/fast' failed
make[1]: *** [cmTC_528fd/fast] Error 2
make[1]: Leaving directory '/home/maytee/Documents/2.29/finiteVolumeSolver/cmake-build-debug/CMakeFiles/CMakeTmp'


